<?xml version="1.0" encoding="UTF-8"?>
<testng-results ignored="0" total="1" passed="1" failed="0" skipped="0">
  <reporter-output>
  </reporter-output>
  <suite started-at="2023-06-14T11:32:10 IST" name="Default suite" finished-at="2023-06-14T11:32:10 IST" duration-ms="81">
    <groups>
    </groups>
    <test started-at="2023-06-14T11:32:10 IST" name="Default test" finished-at="2023-06-14T11:32:10 IST" duration-ms="81">
      <class name="Organizations.Demo">
        <test-method signature="demo()[pri:0, instance:Organizations.Demo@38c6f217]" started-at="2023-06-14T11:32:10 IST" name="demo" finished-at="2023-06-14T11:32:10 IST" duration-ms="12" status="PASS">
          <reporter-output>
          </reporter-output>
        </test-method> <!-- demo -->
      </class> <!-- Organizations.Demo -->
    </test> <!-- Default test -->
  </suite> <!-- Default suite -->
</testng-results>
